
> web@0.1.0 build F:\GaniBOT_2025\apps\web
> next build

  ▲ Next.js 14.2.5
  - Environments: .env

   Skipping validation of types
   Skipping linting
   Creating an optimized production build ...
(node:35260) [DEP0040] DeprecationWarning: The `punycode` module is deprecated. Please use a userland alternative instead.
(Use `node --trace-deprecation ...` to show where the warning was created)
<w> [webpack.cache.PackFileCacheStrategy] Caching failed for pack: Error: Unable to snapshot resolve dependencies
(node:33616) [DEP0040] DeprecationWarning: The `punycode` module is deprecated. Please use a userland alternative instead.
(Use `node --trace-deprecation ...` to show where the warning was created)
Browserslist: caniuse-lite is outdated. Please run:
  npx update-browserslist-db@latest
  Why you should do it regularly: https://github.com/browserslist/update-db#readme
<w> [webpack.cache.PackFileCacheStrategy] Caching failed for pack: Error: Unable to snapshot resolve dependencies
 ✓ Compiled successfully
   Collecting page data ...
   Generating static pages (0/3) ...
 ✓ Generating static pages (3/3)
   Finalizing page optimization ...
   Collecting build traces ...

Route (pages)                              Size     First Load JS
┌ ○ / (781 ms)                             40.3 kB         163 kB
├   /_app                                  0 B             123 kB
└ ○ /404                                   181 B           123 kB
+ First Load JS shared by all              129 kB
  ├ chunks/framework-7d9765e6fdff1571.js   45.2 kB
  ├ chunks/main-8f6c5627fa557387.js        32 kB
  ├ chunks/pages/_app-c297e7998b454140.js  44.5 kB
  └ other shared chunks (total)            7.09 kB

○  (Static)  prerendered as static content

